# JRE version: OpenJDK Runtime Environment Temurin-17.0.11+9 (17.0.11+9) (build 17.0.11+9)
# Java VM: OpenJDK 64-Bit Server VM Temurin-17.0.11+9 (17.0.11+9, mixed mode, tiered, compressed oops, compressed class ptrs, g1 gc, windows-amd64)
GC Precious Log:
 CPUs: 12 total, 12 available
 Memory: 32471M
 Large Page Support: Disabled
 NUMA Support: Disabled
 Compressed Oops: Enabled (Zero based)
 Heap Region Size: 4M
 Heap Min Capacity: 8M
 Heap Initial Capacity: 508M
 Heap Max Capacity: 8120M
 Pre-touch: Disabled
 Parallel Workers: 10
 Concurrent Workers: 3
 Concurrent Refinement Workers: 10
 Periodic GC: Disabled
Heap:
 garbage-first heap   total 1560576K, used 579216K [0x0000000604800000, 0x0000000800000000)
  region size 4096K, 5 young (20480K), 5 survivors (20480K)
 Metaspace       used 14334K, committed 14528K, reserved 1114112K
  class space    used 1389K, committed 1472K, reserved 1048576K
GC Heap History (19 events):
Event: 3.222 GC heap before
{Heap before GC invocations=0 (full 0):
 garbage-first heap   total 520192K, used 102400K [0x0000000604800000, 0x0000000800000000)
  region size 4096K, 6 young (24576K), 0 survivors (0K)
 Metaspace       used 12743K, committed 12928K, reserved 1114112K
  class space    used 1165K, committed 1280K, reserved 1048576K
}
Event: 3.224 GC heap after
{Heap after GC invocations=1 (full 0):
 garbage-first heap   total 520192K, used 70214K [0x0000000604800000, 0x0000000800000000)
  region size 4096K, 1 young (4096K), 1 survivors (4096K)
 Metaspace       used 12743K, committed 12928K, reserved 1114112K
  class space    used 1165K, committed 1280K, reserved 1048576K
}
Event: 3.335 GC heap before
{Heap before GC invocations=1 (full 0):
 garbage-first heap   total 520192K, used 123462K [0x0000000604800000, 0x0000000800000000)
  region size 4096K, 6 young (24576K), 1 survivors (4096K)
 Metaspace       used 14112K, committed 14336K, reserved 1114112K
  class space    used 1349K, committed 1472K, reserved 1048576K
}
Event: 3.336 GC heap after
{Heap after GC invocations=2 (full 0):
 garbage-first heap   total 520192K, used 120676K [0x0000000604800000, 0x0000000800000000)
  region size 4096K, 1 young (4096K), 1 survivors (4096K)
 Metaspace       used 14112K, committed 14336K, reserved 1114112K
  class space    used 1349K, committed 1472K, reserved 1048576K
}
Event: 3.337 GC heap before
{Heap before GC invocations=2 (full 0):
 garbage-first heap   total 520192K, used 137060K [0x0000000604800000, 0x0000000800000000)
  region size 4096K, 6 young (24576K), 1 survivors (4096K)
 Metaspace       used 14112K, committed 14336K, reserved 1114112K
  class space    used 1349K, committed 1472K, reserved 1048576K
}
Event: 3.339 GC heap after
{Heap after GC invocations=3 (full 0):
 garbage-first heap   total 520192K, used 140991K [0x0000000604800000, 0x0000000800000000)
  region size 4096K, 1 young (4096K), 1 survivors (4096K)
 Metaspace       used 14112K, committed 14336K, reserved 1114112K
  class space    used 1349K, committed 1472K, reserved 1048576K
}
Event: 3.341 GC heap before
{Heap before GC invocations=3 (full 0):
 garbage-first heap   total 520192K, used 169663K [0x0000000604800000, 0x0000000800000000)
  region size 4096K, 8 young (32768K), 1 survivors (4096K)
 Metaspace       used 14112K, committed 14336K, reserved 1114112K
  class space    used 1349K, committed 1472K, reserved 1048576K
}
Event: 3.344 GC heap after
{Heap after GC invocations=4 (full 0):
 garbage-first heap   total 520192K, used 169648K [0x0000000604800000, 0x0000000800000000)
  region size 4096K, 1 young (4096K), 1 survivors (4096K)
 Metaspace       used 14112K, committed 14336K, reserved 1114112K
  class space    used 1349K, committed 1472K, reserved 1048576K
}
Event: 3.376 GC heap before
{Heap before GC invocations=4 (full 0):
 garbage-first heap   total 520192K, used 202416K [0x0000000604800000, 0x0000000800000000)
  region size 4096K, 10 young (40960K), 1 survivors (4096K)
 Metaspace       used 14121K, committed 14336K, reserved 1114112K
  class space    used 1349K, committed 1472K, reserved 1048576K
}
Event: 3.381 GC heap after
{Heap after GC invocations=5 (full 0):
 garbage-first heap   total 520192K, used 171613K [0x0000000604800000, 0x0000000800000000)
  region size 4096K, 2 young (8192K), 2 survivors (8192K)
 Metaspace       used 14121K, committed 14336K, reserved 1114112K
  class space    used 1349K, committed 1472K, reserved 1048576K
}
Event: 3.398 GC heap before
{Heap before GC invocations=5 (full 0):
 garbage-first heap   total 520192K, used 220765K [0x0000000604800000, 0x0000000800000000)
  region size 4096K, 14 young (57344K), 2 survivors (8192K)
 Metaspace       used 14153K, committed 14400K, reserved 1114112K
  class space    used 1356K, committed 1472K, reserved 1048576K
}
Event: 3.405 GC heap after
{Heap after GC invocations=6 (full 0):
 garbage-first heap   total 1560576K, used 220091K [0x0000000604800000, 0x0000000800000000)
  region size 4096K, 2 young (8192K), 2 survivors (8192K)
 Metaspace       used 14153K, committed 14400K, reserved 1114112K
  class space    used 1356K, committed 1472K, reserved 1048576K
}
Event: 3.430 GC heap before
{Heap before GC invocations=6 (full 0):
 garbage-first heap   total 1560576K, used 289723K [0x0000000604800000, 0x0000000800000000)
  region size 4096K, 19 young (77824K), 2 survivors (8192K)
 Metaspace       used 14153K, committed 14400K, reserved 1114112K
  class space    used 1356K, committed 1472K, reserved 1048576K
}
Event: 3.440 GC heap after
{Heap after GC invocations=7 (full 0):
 garbage-first heap   total 1560576K, used 289213K [0x0000000604800000, 0x0000000800000000)
  region size 4096K, 3 young (12288K), 3 survivors (12288K)
 Metaspace       used 14153K, committed 14400K, reserved 1114112K
  class space    used 1356K, committed 1472K, reserved 1048576K
}
Event: 3.450 GC heap before
{Heap before GC invocations=7 (full 0):
 garbage-first heap   total 1560576K, used 367037K [0x0000000604800000, 0x0000000800000000)
  region size 4096K, 22 young (90112K), 3 survivors (12288K)
 Metaspace       used 14153K, committed 14400K, reserved 1114112K
  class space    used 1356K, committed 1472K, reserved 1048576K
}
Event: 3.461 GC heap after
{Heap after GC invocations=8 (full 0):
 garbage-first heap   total 1560576K, used 366796K [0x0000000604800000, 0x0000000800000000)
  region size 4096K, 3 young (12288K), 3 survivors (12288K)
 Metaspace       used 14153K, committed 14400K, reserved 1114112K
  class space    used 1356K, committed 1472K, reserved 1048576K
}
Event: 3.497 GC heap before
{Heap before GC invocations=8 (full 0):
 garbage-first heap   total 1560576K, used 465100K [0x0000000604800000, 0x0000000800000000)
  region size 4096K, 27 young (110592K), 3 survivors (12288K)
 Metaspace       used 14317K, committed 14528K, reserved 1114112K
  class space    used 1384K, committed 1472K, reserved 1048576K
}
Event: 3.515 GC heap after
{Heap after GC invocations=9 (full 0):
 garbage-first heap   total 1560576K, used 463569K [0x0000000604800000, 0x0000000800000000)
  region size 4096K, 4 young (16384K), 4 survivors (16384K)
 Metaspace       used 14317K, committed 14528K, reserved 1114112K
  class space    used 1384K, committed 1472K, reserved 1048576K
}
Event: 4.037 GC heap before
{Heap before GC invocations=9 (full 0):
 garbage-first heap   total 1560576K, used 586449K [0x0000000604800000, 0x0000000800000000)
  region size 4096K, 34 young (139264K), 4 survivors (16384K)
 Metaspace       used 14334K, committed 14528K, reserved 1114112K
  class space    used 1389K, committed 1472K, reserved 1048576K
}

